<?xml version="1.0" encoding="UTF-8"?>
<!-- Generated by org.testng.reporters.JUnitReportReporter -->
<testsuite hostname="Sunny" name="com.inetbanking.testCases.TC_AddCustomerTest_002" tests="1" failures="0" timestamp="26 Jul 2021 18:32:12 GMT" time="15.102" errors="0">
  <testcase name="AddNewCustomer" time="15.102" classname="com.inetbanking.testCases.TC_AddCustomerTest_002"/>
</testsuite> <!-- com.inetbanking.testCases.TC_AddCustomerTest_002 -->
