<?xml version="1.0" encoding="UTF-8"?>
<!-- Generated by org.testng.reporters.JUnitReportReporter -->
<testsuite hostname="Sunny" name="com.inetbanking.testCases.TC_LoginTest_001" tests="1" failures="0" timestamp="26 Jul 2021 11:24:11 GMT" time="4.058" errors="0">
  <testcase name="loginTest" time="4.058" classname="com.inetbanking.testCases.TC_LoginTest_001"/>
</testsuite> <!-- com.inetbanking.testCases.TC_LoginTest_001 -->
