<?xml version="1.0" encoding="UTF-8"?>
<!-- Generated by org.testng.reporters.JUnitReportReporter -->
<testsuite hostname="Sunny" name="com.inetbanking.testCases.TC_LoginTest_001" tests="1" failures="0" timestamp="27 Jul 2021 09:17:58 GMT" time="5.264" errors="0">
  <testcase name="loginTest" time="5.264" classname="com.inetbanking.testCases.TC_LoginTest_001"/>
</testsuite> <!-- com.inetbanking.testCases.TC_LoginTest_001 -->
